# JRE version: OpenJDK Runtime Environment (21.0.6) (build 21.0.6+-13391695-b895.109)
# Java VM: OpenJDK 64-Bit Server VM (21.0.6+-13391695-b895.109, mixed mode, tiered, compressed oops, compressed class ptrs, g1 gc, windows-amd64)
GC Precious Log:
 CardTable entry size: 512
 Card Set container configuration: InlinePtr #cards 5 size 8 Array Of Cards #cards 12 size 40 Howl #buckets 4 coarsen threshold 1843 Howl Bitmap #cards 512 size 80 coarsen threshold 460 Card regions per heap region 1 cards per card region 2048
 CPUs: 16 total, 16 available
 Memory: 15706M
 Large Page Support: Disabled
 NUMA Support: Disabled
 Compressed Oops: Enabled (32-bit)
 Heap Region Size: 1M
 Heap Min Capacity: 8M
 Heap Initial Capacity: 246M
 Heap Max Capacity: 2G
 Pre-touch: Disabled
 Parallel Workers: 13
 Concurrent Workers: 3
 Concurrent Refinement Workers: 13
 Periodic GC: Disabled
Heap:
 garbage-first heap   total 71680K, used 55966K [0x0000000080000000, 0x0000000100000000)
  region size 1024K, 46 young (47104K), 9 survivors (9216K)
 Metaspace       used 27406K, committed 27968K, reserved 1114112K
  class space    used 3387K, committed 3648K, reserved 1048576K
GC Heap History (8 events):
Event: 0.808 GC heap before
{Heap before GC invocations=0 (full 0):
 garbage-first heap   total 251904K, used 22528K [0x0000000080000000, 0x0000000100000000)
  region size 1024K, 23 young (23552K), 0 survivors (0K)
 Metaspace       used 7994K, committed 8128K, reserved 1114112K
  class space    used 709K, committed 768K, reserved 1048576K
}
Event: 0.814 GC heap after
{Heap after GC invocations=1 (full 0):
 garbage-first heap   total 251904K, used 2380K [0x0000000080000000, 0x0000000100000000)
  region size 1024K, 3 young (3072K), 3 survivors (3072K)
 Metaspace       used 7994K, committed 8128K, reserved 1114112K
  class space    used 709K, committed 768K, reserved 1048576K
}
Event: 5.136 GC heap before
{Heap before GC invocations=1 (full 0):
 garbage-first heap   total 251904K, used 40268K [0x0000000080000000, 0x0000000100000000)
  region size 1024K, 38 young (38912K), 3 survivors (3072K)
 Metaspace       used 12282K, committed 12480K, reserved 1114112K
  class space    used 1287K, committed 1344K, reserved 1048576K
}
Event: 5.144 GC heap after
{Heap after GC invocations=2 (full 0):
 garbage-first heap   total 251904K, used 10732K [0x0000000080000000, 0x0000000100000000)
  region size 1024K, 5 young (5120K), 5 survivors (5120K)
 Metaspace       used 12282K, committed 12480K, reserved 1114112K
  class space    used 1287K, committed 1344K, reserved 1048576K
}
Event: 7.497 GC heap before
{Heap before GC invocations=2 (full 0):
 garbage-first heap   total 251904K, used 59884K [0x0000000080000000, 0x0000000100000000)
  region size 1024K, 51 young (52224K), 5 survivors (5120K)
 Metaspace       used 13407K, committed 13696K, reserved 1114112K
  class space    used 1478K, committed 1600K, reserved 1048576K
}
Event: 7.506 GC heap after
{Heap after GC invocations=3 (full 0):
 garbage-first heap   total 251904K, used 16669K [0x0000000080000000, 0x0000000100000000)
  region size 1024K, 5 young (5120K), 5 survivors (5120K)
 Metaspace       used 13407K, committed 13696K, reserved 1114112K
  class space    used 1478K, committed 1600K, reserved 1048576K
}
Event: 14.066 GC heap before
{Heap before GC invocations=3 (full 0):
 garbage-first heap   total 251904K, used 44317K [0x0000000080000000, 0x0000000100000000)
  region size 1024K, 33 young (33792K), 5 survivors (5120K)
 Metaspace       used 21171K, committed 21504K, reserved 1114112K
  class space    used 2438K, committed 2560K, reserved 1048576K
}
Event: 14.073 GC heap after
{Heap after GC invocations=4 (full 0):
 garbage-first heap   total 251904K, used 20126K [0x0000000080000000, 0x0000000100000000)
  region size 1024K, 9 young (9216K), 9 survivors (9216K)
 Metaspace       used 21171K, committed 21504K, reserved 1114112K
  class space    used 2438K, committed 2560K, reserved 1048576K
}

