# JRE version: OpenJDK Runtime Environment (21.0.6) (build 21.0.6+-13391695-b895.109)
# Java VM: OpenJDK 64-Bit Server VM (21.0.6+-13391695-b895.109, mixed mode, tiered, compressed oops, compressed class ptrs, g1 gc, windows-amd64)
GC Precious Log:
 CardTable entry size: 512
 Card Set container configuration: InlinePtr #cards 5 size 8 Array Of Cards #cards 12 size 40 Howl #buckets 4 coarsen threshold 1843 Howl Bitmap #cards 512 size 80 coarsen threshold 460 Card regions per heap region 1 cards per card region 2048
 CPUs: 16 total, 16 available
 Memory: 15706M
 Large Page Support: Disabled
 NUMA Support: Disabled
 Compressed Oops: Enabled (32-bit)
 Heap Region Size: 1M
 Heap Min Capacity: 8M
 Heap Initial Capacity: 246M
 Heap Max Capacity: 2G
 Pre-touch: Disabled
 Parallel Workers: 13
 Concurrent Workers: 3
 Concurrent Refinement Workers: 13
 Periodic GC: Disabled
Heap:
 garbage-first heap   total 165888K, used 127736K [0x0000000080000000, 0x0000000100000000)
  region size 1024K, 33 young (33792K), 5 survivors (5120K)
 Metaspace       used 79160K, committed 81088K, reserved 1179648K
  class space    used 10746K, committed 11712K, reserved 1048576K
GC Heap History (20 events):
Event: 5.399 GC heap before
{Heap before GC invocations=9 (full 0):
 garbage-first heap   total 79872K, used 78379K [0x0000000080000000, 0x0000000100000000)
  region size 1024K, 28 young (28672K), 4 survivors (4096K)
 Metaspace       used 37568K, committed 38464K, reserved 1114112K
  class space    used 5059K, committed 5504K, reserved 1048576K
}
Event: 5.405 GC heap after
{Heap after GC invocations=10 (full 0):
 garbage-first heap   total 90112K, used 60851K [0x0000000080000000, 0x0000000100000000)
  region size 1024K, 6 young (6144K), 6 survivors (6144K)
 Metaspace       used 37568K, committed 38464K, reserved 1114112K
  class space    used 5059K, committed 5504K, reserved 1048576K
}
Event: 5.779 GC heap before
{Heap before GC invocations=10 (full 0):
 garbage-first heap   total 90112K, used 78259K [0x0000000080000000, 0x0000000100000000)
  region size 1024K, 23 young (23552K), 6 survivors (6144K)
 Metaspace       used 39957K, committed 40896K, reserved 1114112K
  class space    used 5448K, committed 5888K, reserved 1048576K
}
Event: 5.783 GC heap after
{Heap after GC invocations=11 (full 0):
 garbage-first heap   total 90112K, used 61417K [0x0000000080000000, 0x0000000100000000)
  region size 1024K, 1 young (1024K), 1 survivors (1024K)
 Metaspace       used 39957K, committed 40896K, reserved 1114112K
  class space    used 5448K, committed 5888K, reserved 1048576K
}
Event: 6.325 GC heap before
{Heap before GC invocations=11 (full 0):
 garbage-first heap   total 90112K, used 80873K [0x0000000080000000, 0x0000000100000000)
  region size 1024K, 21 young (21504K), 1 survivors (1024K)
 Metaspace       used 44788K, committed 45760K, reserved 1114112K
  class space    used 5980K, committed 6464K, reserved 1048576K
}
Event: 6.329 GC heap after
{Heap after GC invocations=12 (full 0):
 garbage-first heap   total 90112K, used 63973K [0x0000000080000000, 0x0000000100000000)
  region size 1024K, 3 young (3072K), 3 survivors (3072K)
 Metaspace       used 44788K, committed 45760K, reserved 1114112K
  class space    used 5980K, committed 6464K, reserved 1048576K
}
Event: 6.547 GC heap before
{Heap before GC invocations=13 (full 0):
 garbage-first heap   total 107520K, used 79333K [0x0000000080000000, 0x0000000100000000)
  region size 1024K, 19 young (19456K), 3 survivors (3072K)
 Metaspace       used 45954K, committed 46976K, reserved 1114112K
  class space    used 6075K, committed 6592K, reserved 1048576K
}
Event: 6.552 GC heap after
{Heap after GC invocations=14 (full 0):
 garbage-first heap   total 107520K, used 66249K [0x0000000080000000, 0x0000000100000000)
  region size 1024K, 2 young (2048K), 2 survivors (2048K)
 Metaspace       used 45954K, committed 46976K, reserved 1114112K
  class space    used 6075K, committed 6592K, reserved 1048576K
}
Event: 7.083 GC heap before
{Heap before GC invocations=14 (full 0):
 garbage-first heap   total 107520K, used 101065K [0x0000000080000000, 0x0000000100000000)
  region size 1024K, 32 young (32768K), 2 survivors (2048K)
 Metaspace       used 48778K, committed 49920K, reserved 1114112K
  class space    used 6371K, committed 6976K, reserved 1048576K
}
Event: 7.087 GC heap after
{Heap after GC invocations=15 (full 0):
 garbage-first heap   total 141312K, used 67853K [0x0000000080000000, 0x0000000100000000)
  region size 1024K, 4 young (4096K), 4 survivors (4096K)
 Metaspace       used 48778K, committed 49920K, reserved 1114112K
  class space    used 6371K, committed 6976K, reserved 1048576K
}
Event: 8.360 GC heap before
{Heap before GC invocations=15 (full 0):
 garbage-first heap   total 141312K, used 123149K [0x0000000080000000, 0x0000000100000000)
  region size 1024K, 58 young (59392K), 4 survivors (4096K)
 Metaspace       used 55241K, committed 56832K, reserved 1114112K
  class space    used 7449K, committed 8256K, reserved 1048576K
}
Event: 8.365 GC heap after
{Heap after GC invocations=16 (full 0):
 garbage-first heap   total 141312K, used 70916K [0x0000000080000000, 0x0000000100000000)
  region size 1024K, 7 young (7168K), 7 survivors (7168K)
 Metaspace       used 55241K, committed 56832K, reserved 1114112K
  class space    used 7449K, committed 8256K, reserved 1048576K
}
Event: 9.655 GC heap before
{Heap before GC invocations=17 (full 0):
 garbage-first heap   total 141312K, used 139524K [0x0000000080000000, 0x0000000100000000)
  region size 1024K, 57 young (58368K), 7 survivors (7168K)
 Metaspace       used 59797K, committed 61440K, reserved 1114112K
  class space    used 7991K, committed 8768K, reserved 1048576K
}
Event: 9.670 GC heap after
{Heap after GC invocations=18 (full 0):
 garbage-first heap   total 154624K, used 93611K [0x0000000080000000, 0x0000000100000000)
  region size 1024K, 8 young (8192K), 8 survivors (8192K)
 Metaspace       used 59797K, committed 61440K, reserved 1114112K
  class space    used 7991K, committed 8768K, reserved 1048576K
}
Event: 10.203 GC heap before
{Heap before GC invocations=18 (full 0):
 garbage-first heap   total 154624K, used 136619K [0x0000000080000000, 0x0000000100000000)
  region size 1024K, 50 young (51200K), 8 survivors (8192K)
 Metaspace       used 62165K, committed 63808K, reserved 1114112K
  class space    used 8341K, committed 9152K, reserved 1048576K
}
Event: 10.207 GC heap after
{Heap after GC invocations=19 (full 0):
 garbage-first heap   total 154624K, used 95350K [0x0000000080000000, 0x0000000100000000)
  region size 1024K, 2 young (2048K), 2 survivors (2048K)
 Metaspace       used 62165K, committed 63808K, reserved 1114112K
  class space    used 8341K, committed 9152K, reserved 1048576K
}
Event: 11.019 GC heap before
{Heap before GC invocations=19 (full 0):
 garbage-first heap   total 154624K, used 139382K [0x0000000080000000, 0x0000000100000000)
  region size 1024K, 46 young (47104K), 2 survivors (2048K)
 Metaspace       used 68215K, committed 70016K, reserved 1114112K
  class space    used 9233K, committed 10176K, reserved 1048576K
}
Event: 11.023 GC heap after
{Heap after GC invocations=20 (full 0):
 garbage-first heap   total 154624K, used 97479K [0x0000000080000000, 0x0000000100000000)
  region size 1024K, 5 young (5120K), 5 survivors (5120K)
 Metaspace       used 68215K, committed 70016K, reserved 1114112K
  class space    used 9233K, committed 10176K, reserved 1048576K
}
Event: 11.927 GC heap before
{Heap before GC invocations=21 (full 0):
 garbage-first heap   total 165888K, used 138439K [0x0000000080000000, 0x0000000100000000)
  region size 1024K, 45 young (46080K), 5 survivors (5120K)
 Metaspace       used 72467K, committed 74432K, reserved 1114112K
  class space    used 9899K, committed 10880K, reserved 1048576K
}
Event: 11.932 GC heap after
{Heap after GC invocations=22 (full 0):
 garbage-first heap   total 165888K, used 100088K [0x0000000080000000, 0x0000000100000000)
  region size 1024K, 5 young (5120K), 5 survivors (5120K)
 Metaspace       used 72467K, committed 74432K, reserved 1114112K
  class space    used 9899K, committed 10880K, reserved 1048576K
}

