# JRE version: OpenJDK Runtime Environment (21.0.6) (build 21.0.6+-13391695-b895.109)
# Java VM: OpenJDK 64-Bit Server VM (21.0.6+-13391695-b895.109, mixed mode, tiered, compressed oops, compressed class ptrs, g1 gc, windows-amd64)
GC Precious Log:
 CardTable entry size: 512
 Card Set container configuration: InlinePtr #cards 5 size 8 Array Of Cards #cards 12 size 40 Howl #buckets 4 coarsen threshold 1843 Howl Bitmap #cards 512 size 80 coarsen threshold 460 Card regions per heap region 1 cards per card region 2048
 CPUs: 16 total, 16 available
 Memory: 15706M
 Large Page Support: Disabled
 NUMA Support: Disabled
 Compressed Oops: Enabled (32-bit)
 Heap Region Size: 1M
 Heap Min Capacity: 8M
 Heap Initial Capacity: 246M
 Heap Max Capacity: 2G
 Pre-touch: Disabled
 Parallel Workers: 13
 Concurrent Workers: 3
 Concurrent Refinement Workers: 13
 Periodic GC: Disabled
Heap:
 garbage-first heap   total 114688K, used 65913K [0x0000000080000000, 0x0000000100000000)
  region size 1024K, 16 young (16384K), 4 survivors (4096K)
 Metaspace       used 72245K, committed 74112K, reserved 1114112K
  class space    used 9744K, committed 10688K, reserved 1048576K
GC Heap History (20 events):
Event: 7.925 GC heap before
{Heap before GC invocations=9 (full 0):
 garbage-first heap   total 82944K, used 68755K [0x0000000080000000, 0x0000000100000000)
  region size 1024K, 47 young (48128K), 4 survivors (4096K)
 Metaspace       used 43712K, committed 44672K, reserved 1114112K
  class space    used 5731K, committed 6208K, reserved 1048576K
}
Event: 7.930 GC heap after
{Heap after GC invocations=10 (full 0):
 garbage-first heap   total 82944K, used 30168K [0x0000000080000000, 0x0000000100000000)
  region size 1024K, 6 young (6144K), 6 survivors (6144K)
 Metaspace       used 43712K, committed 44672K, reserved 1114112K
  class space    used 5731K, committed 6208K, reserved 1048576K
}
Event: 8.504 GC heap before
{Heap before GC invocations=10 (full 0):
 garbage-first heap   total 82944K, used 75224K [0x0000000080000000, 0x0000000100000000)
  region size 1024K, 45 young (46080K), 6 survivors (6144K)
 Metaspace       used 47018K, committed 48064K, reserved 1114112K
  class space    used 6107K, committed 6656K, reserved 1048576K
}
Event: 8.510 GC heap after
{Heap after GC invocations=11 (full 0):
 garbage-first heap   total 87040K, used 33851K [0x0000000080000000, 0x0000000100000000)
  region size 1024K, 4 young (4096K), 4 survivors (4096K)
 Metaspace       used 47018K, committed 48064K, reserved 1114112K
  class space    used 6107K, committed 6656K, reserved 1048576K
}
Event: 9.079 GC heap before
{Heap before GC invocations=11 (full 0):
 garbage-first heap   total 87040K, used 73787K [0x0000000080000000, 0x0000000100000000)
  region size 1024K, 43 young (44032K), 4 survivors (4096K)
 Metaspace       used 51838K, committed 53248K, reserved 1114112K
  class space    used 6895K, committed 7552K, reserved 1048576K
}
Event: 9.083 GC heap after
{Heap after GC invocations=12 (full 0):
 garbage-first heap   total 87040K, used 36362K [0x0000000080000000, 0x0000000100000000)
  region size 1024K, 3 young (3072K), 3 survivors (3072K)
 Metaspace       used 51838K, committed 53248K, reserved 1114112K
  class space    used 6895K, committed 7552K, reserved 1048576K
}
Event: 9.840 GC heap before
{Heap before GC invocations=12 (full 0):
 garbage-first heap   total 87040K, used 76298K [0x0000000080000000, 0x0000000100000000)
  region size 1024K, 42 young (43008K), 3 survivors (3072K)
 Metaspace       used 55915K, committed 57536K, reserved 1114112K
  class space    used 7546K, committed 8320K, reserved 1048576K
}
Event: 9.845 GC heap after
{Heap after GC invocations=13 (full 0):
 garbage-first heap   total 87040K, used 41073K [0x0000000080000000, 0x0000000100000000)
  region size 1024K, 6 young (6144K), 6 survivors (6144K)
 Metaspace       used 55915K, committed 57536K, reserved 1114112K
  class space    used 7546K, committed 8320K, reserved 1048576K
}
Event: 10.098 GC heap before
{Heap before GC invocations=13 (full 0):
 garbage-first heap   total 87040K, used 75889K [0x0000000080000000, 0x0000000100000000)
  region size 1024K, 39 young (39936K), 6 survivors (6144K)
 Metaspace       used 57882K, committed 59456K, reserved 1114112K
  class space    used 7714K, committed 8512K, reserved 1048576K
}
Event: 10.103 GC heap after
{Heap after GC invocations=14 (full 0):
 garbage-first heap   total 87040K, used 42812K [0x0000000080000000, 0x0000000100000000)
  region size 1024K, 2 young (2048K), 2 survivors (2048K)
 Metaspace       used 57882K, committed 59456K, reserved 1114112K
  class space    used 7714K, committed 8512K, reserved 1048576K
}
Event: 10.242 GC heap before
{Heap before GC invocations=14 (full 0):
 garbage-first heap   total 87040K, used 49980K [0x0000000080000000, 0x0000000100000000)
  region size 1024K, 10 young (10240K), 2 survivors (2048K)
 Metaspace       used 58738K, committed 60288K, reserved 1114112K
  class space    used 7860K, committed 8640K, reserved 1048576K
}
Event: 10.245 GC heap after
{Heap after GC invocations=15 (full 0):
 garbage-first heap   total 114688K, used 42822K [0x0000000080000000, 0x0000000100000000)
  region size 1024K, 2 young (2048K), 2 survivors (2048K)
 Metaspace       used 58738K, committed 60288K, reserved 1114112K
  class space    used 7860K, committed 8640K, reserved 1048576K
}
Event: 11.361 GC heap before
{Heap before GC invocations=16 (full 0):
 garbage-first heap   total 114688K, used 102214K [0x0000000080000000, 0x0000000100000000)
  region size 1024K, 60 young (61440K), 2 survivors (2048K)
 Metaspace       used 66922K, committed 68608K, reserved 1114112K
  class space    used 9056K, committed 9856K, reserved 1048576K
}
Event: 11.364 GC heap after
{Heap after GC invocations=17 (full 0):
 garbage-first heap   total 114688K, used 45350K [0x0000000080000000, 0x0000000100000000)
  region size 1024K, 4 young (4096K), 4 survivors (4096K)
 Metaspace       used 66922K, committed 68608K, reserved 1114112K
  class space    used 9056K, committed 9856K, reserved 1048576K
}
Event: 13.839 GC heap before
{Heap before GC invocations=17 (full 0):
 garbage-first heap   total 114688K, used 102694K [0x0000000080000000, 0x0000000100000000)
  region size 1024K, 60 young (61440K), 4 survivors (4096K)
 Metaspace       used 71752K, committed 73600K, reserved 1114112K
  class space    used 9741K, committed 10688K, reserved 1048576K
}
Event: 13.846 GC heap after
{Heap after GC invocations=18 (full 0):
 garbage-first heap   total 114688K, used 50306K [0x0000000080000000, 0x0000000100000000)
  region size 1024K, 8 young (8192K), 8 survivors (8192K)
 Metaspace       used 71752K, committed 73600K, reserved 1114112K
  class space    used 9741K, committed 10688K, reserved 1048576K
}
Event: 15.187 GC heap before
{Heap before GC invocations=18 (full 0):
 garbage-first heap   total 114688K, used 97410K [0x0000000080000000, 0x0000000100000000)
  region size 1024K, 55 young (56320K), 8 survivors (8192K)
 Metaspace       used 72181K, committed 74048K, reserved 1114112K
  class space    used 9742K, committed 10688K, reserved 1048576K
}
Event: 15.192 GC heap after
{Heap after GC invocations=19 (full 0):
 garbage-first heap   total 114688K, used 53249K [0x0000000080000000, 0x0000000100000000)
  region size 1024K, 5 young (5120K), 5 survivors (5120K)
 Metaspace       used 72181K, committed 74048K, reserved 1114112K
  class space    used 9742K, committed 10688K, reserved 1048576K
}
Event: 17.358 GC heap before
{Heap before GC invocations=19 (full 0):
 garbage-first heap   total 114688K, used 100353K [0x0000000080000000, 0x0000000100000000)
  region size 1024K, 52 young (53248K), 5 survivors (5120K)
 Metaspace       used 72226K, committed 74112K, reserved 1114112K
  class space    used 9742K, committed 10688K, reserved 1048576K
}
Event: 17.362 GC heap after
{Heap after GC invocations=20 (full 0):
 garbage-first heap   total 114688K, used 54649K [0x0000000080000000, 0x0000000100000000)
  region size 1024K, 4 young (4096K), 4 survivors (4096K)
 Metaspace       used 72226K, committed 74112K, reserved 1114112K
  class space    used 9742K, committed 10688K, reserved 1048576K
}

